1618919596362	mozrunner::runner	INFO	Running command: "/usr/bin/firefox" "-marionette" "-foreground" "-no-remote" "-profile" "/tmp/rust_mozprofile.y8A8B2B4I7AE"
console.warn: SearchSettings: "get: No settings file exists, new profile?" (new Error("", "(unknown module)"))
1618919604185	Marionette	INFO	Listening on port 42483
1618919604318	Marionette	WARN	TLS certificate errors will be ignored for this session
1618919606362	Marionette	INFO	Stopped listening on port 42483
1618919640450	mozrunner::runner	INFO	Running command: "/usr/bin/firefox" "-marionette" "-foreground" "-no-remote" "-profile" "/tmp/rust_mozprofile.JtpsCg3oZvgw"
console.warn: SearchSettings: "get: No settings file exists, new profile?" (new Error("", "(unknown module)"))
1618919645388	Marionette	INFO	Listening on port 38299
1618919645506	Marionette	WARN	TLS certificate errors will be ignored for this session
1618919647542	Marionette	INFO	Stopped listening on port 38299
1618919687106	mozrunner::runner	INFO	Running command: "/usr/bin/firefox" "-marionette" "-foreground" "-no-remote" "-profile" "/tmp/rust_mozprofile.8hU3MykknKzv"
console.warn: SearchSettings: "get: No settings file exists, new profile?" (new Error("", "(unknown module)"))
1618919691909	Marionette	INFO	Listening on port 34309
1618919691996	Marionette	WARN	TLS certificate errors will be ignored for this session
1618919693689	Marionette	INFO	Stopped listening on port 34309
1618919788573	mozrunner::runner	INFO	Running command: "/usr/bin/firefox" "-marionette" "-foreground" "-no-remote" "-profile" "/tmp/rust_mozprofile.PZrZzDL12W0y"
console.warn: SearchSettings: "get: No settings file exists, new profile?" (new Error("", "(unknown module)"))
1618919793526	Marionette	INFO	Listening on port 40583
1618919793637	Marionette	WARN	TLS certificate errors will be ignored for this session
1618919795494	Marionette	INFO	Stopped listening on port 40583
1618919828009	mozrunner::runner	INFO	Running command: "/usr/bin/firefox" "-marionette" "-foreground" "-no-remote" "-profile" "/tmp/rust_mozprofile.cSpoiRIFAUfO"
console.warn: SearchSettings: "get: No settings file exists, new profile?" (new Error("", "(unknown module)"))
1618919832911	Marionette	INFO	Listening on port 45757
1618919833233	Marionette	WARN	TLS certificate errors will be ignored for this session
1618919834913	Marionette	INFO	Stopped listening on port 45757
1618919979622	mozrunner::runner	INFO	Running command: "/usr/bin/firefox" "-marionette" "-foreground" "-no-remote" "-profile" "/tmp/rust_mozprofile.XNk87bEQBTIy"
console.warn: SearchSettings: "get: No settings file exists, new profile?" (new Error("", "(unknown module)"))
1618919983897	Marionette	INFO	Listening on port 45281
1618919984005	Marionette	WARN	TLS certificate errors will be ignored for this session
1618919985392	Marionette	INFO	Stopped listening on port 45281
1618919987456	mozrunner::runner	INFO	Running command: "/usr/bin/firefox" "-marionette" "-foreground" "-no-remote" "-profile" "/tmp/rust_mozprofile.QSRw8lnBmfmS"
console.warn: SearchSettings: "get: No settings file exists, new profile?" (new Error("", "(unknown module)"))
1618919991792	Marionette	INFO	Listening on port 43743
1618919991923	Marionette	WARN	TLS certificate errors will be ignored for this session
1618919993193	Marionette	INFO	Stopped listening on port 43743
1618923779283	mozrunner::runner	INFO	Running command: "/usr/bin/firefox" "-marionette" "-foreground" "-no-remote" "-profile" "/tmp/rust_mozprofile.xfZIdhZMoVZm"
console.warn: SearchSettings: "get: No settings file exists, new profile?" (new Error("", "(unknown module)"))
1618923784804	Marionette	INFO	Listening on port 45045
1618923784958	Marionette	WARN	TLS certificate errors will be ignored for this session
1618923786215	Marionette	INFO	Stopped listening on port 45045
1618923788213	mozrunner::runner	INFO	Running command: "/usr/bin/firefox" "-marionette" "-foreground" "-no-remote" "-profile" "/tmp/rust_mozprofile.JpRivCCLNbZv"
console.warn: SearchSettings: "get: No settings file exists, new profile?" (new Error("", "(unknown module)"))
1618923792506	Marionette	INFO	Listening on port 42929
1618923792580	Marionette	WARN	TLS certificate errors will be ignored for this session
1618923793801	Marionette	INFO	Stopped listening on port 42929
1618923804981	mozrunner::runner	INFO	Running command: "/usr/bin/firefox" "-marionette" "-foreground" "-no-remote" "-profile" "/tmp/rust_mozprofile.dAJQOB960f4D"
console.warn: SearchSettings: "get: No settings file exists, new profile?" (new Error("", "(unknown module)"))
1618923809330	Marionette	INFO	Listening on port 43627
1618923809482	Marionette	WARN	TLS certificate errors will be ignored for this session
1618923810843	Marionette	INFO	Stopped listening on port 43627
1618923867184	mozrunner::runner	INFO	Running command: "/usr/bin/firefox" "-marionette" "-foreground" "-no-remote" "-profile" "/tmp/rust_mozprofile.Dt68Yy50e0Zu"
console.warn: SearchSettings: "get: No settings file exists, new profile?" (new Error("", "(unknown module)"))
1618923871446	Marionette	INFO	Listening on port 38337
1618923871547	Marionette	WARN	TLS certificate errors will be ignored for this session
1618923873034	Marionette	INFO	Stopped listening on port 38337
1618924782141	mozrunner::runner	INFO	Running command: "/usr/bin/firefox" "-marionette" "-foreground" "-no-remote" "-profile" "/tmp/rust_mozprofile.eaG165aG6tdy"
console.warn: SearchSettings: "get: No settings file exists, new profile?" (new Error("", "(unknown module)"))
1618924787048	Marionette	INFO	Listening on port 41703
1618924787390	Marionette	WARN	TLS certificate errors will be ignored for this session
1618924815121	Marionette	INFO	Stopped listening on port 41703
1618924857070	mozrunner::runner	INFO	Running command: "/usr/bin/firefox" "-marionette" "-foreground" "-no-remote" "-profile" "/tmp/rust_mozprofile.lexY63P8bYOq"
console.warn: SearchSettings: "get: No settings file exists, new profile?" (new Error("", "(unknown module)"))
1618924862221	Marionette	INFO	Listening on port 36425
1618924862345	Marionette	WARN	TLS certificate errors will be ignored for this session
1618924869003	Marionette	INFO	Stopped listening on port 36425
1618924874928	mozrunner::runner	INFO	Running command: "/usr/bin/firefox" "-marionette" "-foreground" "-no-remote" "-profile" "/tmp/rust_mozprofile.UBFR4G1hZ8nl"
console.warn: SearchSettings: "get: No settings file exists, new profile?" (new Error("", "(unknown module)"))
1618924879773	Marionette	INFO	Listening on port 42475
1618924879861	Marionette	WARN	TLS certificate errors will be ignored for this session
1618924886770	Marionette	INFO	Stopped listening on port 42475
1618924896077	mozrunner::runner	INFO	Running command: "/usr/bin/firefox" "-marionette" "-foreground" "-no-remote" "-profile" "/tmp/rust_mozprofile.KFHN87nrBrvh"
console.warn: SearchSettings: "get: No settings file exists, new profile?" (new Error("", "(unknown module)"))
1618924900700	Marionette	INFO	Listening on port 41255
1618924900813	Marionette	WARN	TLS certificate errors will be ignored for this session
1618924902451	Marionette	INFO	Stopped listening on port 41255
1618924949225	mozrunner::runner	INFO	Running command: "/usr/bin/firefox" "-marionette" "-foreground" "-no-remote" "-profile" "/tmp/rust_mozprofile.w9KADWKiDf08"
console.warn: SearchSettings: "get: No settings file exists, new profile?" (new Error("", "(unknown module)"))
1618924953504	Marionette	INFO	Listening on port 43045
1618924953634	Marionette	WARN	TLS certificate errors will be ignored for this session
1618924955197	Marionette	INFO	Stopped listening on port 43045
1618925128715	mozrunner::runner	INFO	Running command: "/usr/bin/firefox" "-marionette" "-foreground" "-no-remote" "-profile" "/tmp/rust_mozprofile.nszYKNSr4vdg"
console.warn: SearchSettings: "get: No settings file exists, new profile?" (new Error("", "(unknown module)"))
1618925133185	Marionette	INFO	Listening on port 40641
1618925133307	Marionette	WARN	TLS certificate errors will be ignored for this session
1618925134745	Marionette	INFO	Stopped listening on port 40641
1618925184725	mozrunner::runner	INFO	Running command: "/usr/bin/firefox" "-marionette" "-foreground" "-no-remote" "-profile" "/tmp/rust_mozprofile.QeLOzs8AGR4U"
console.warn: SearchSettings: "get: No settings file exists, new profile?" (new Error("", "(unknown module)"))
1618925189341	Marionette	INFO	Listening on port 40285
1618925189473	Marionette	WARN	TLS certificate errors will be ignored for this session
1618925228249	mozrunner::runner	INFO	Running command: "/usr/bin/firefox" "-marionette" "-foreground" "-no-remote" "-profile" "/tmp/rust_mozprofile.z4zw9rzuutjQ"
console.warn: SearchSettings: "get: No settings file exists, new profile?" (new Error("", "(unknown module)"))
1618925234353	Marionette	INFO	Listening on port 39555
1618925234476	Marionette	WARN	TLS certificate errors will be ignored for this session
1618925236424	Marionette	INFO	Stopped listening on port 39555
console.log: WebExtensions: reset-default-search: No addons in our list are installed.
1618925689348	mozrunner::runner	INFO	Running command: "/usr/bin/firefox" "-marionette" "-foreground" "-no-remote" "-profile" "/tmp/rust_mozprofile.c4IRAI7EtpnD"
console.warn: SearchSettings: "get: No settings file exists, new profile?" (new Error("", "(unknown module)"))
1618925694182	Marionette	INFO	Listening on port 44293
1618925694331	Marionette	WARN	TLS certificate errors will be ignored for this session
1618925695735	Marionette	INFO	Stopped listening on port 44293
1618925780484	mozrunner::runner	INFO	Running command: "/usr/bin/firefox" "-marionette" "-foreground" "-no-remote" "-profile" "/tmp/rust_mozprofile.mSNtKeGELpY1"
console.warn: SearchSettings: "get: No settings file exists, new profile?" (new Error("", "(unknown module)"))
1618925784745	Marionette	INFO	Listening on port 32875
1618925784800	Marionette	WARN	TLS certificate errors will be ignored for this session
1618925792578	Marionette	INFO	Stopped listening on port 32875
1618925813100	mozrunner::runner	INFO	Running command: "/usr/bin/firefox" "-marionette" "-foreground" "-no-remote" "-profile" "/tmp/rust_mozprofile.imU20xb7zmpD"
console.warn: SearchSettings: "get: No settings file exists, new profile?" (new Error("", "(unknown module)"))
1618925817440	Marionette	INFO	Listening on port 41411
1618925817540	Marionette	WARN	TLS certificate errors will be ignored for this session
1618925892852	Marionette	INFO	Stopped listening on port 41411
1618925951799	mozrunner::runner	INFO	Running command: "/usr/bin/firefox" "-marionette" "-foreground" "-no-remote" "-profile" "/tmp/rust_mozprofile.rQRcvvusNZCw"
console.warn: SearchSettings: "get: No settings file exists, new profile?" (new Error("", "(unknown module)"))
1618925956188	Marionette	INFO	Listening on port 39175
1618925956312	Marionette	WARN	TLS certificate errors will be ignored for this session
1618926001164	mozrunner::runner	INFO	Running command: "/usr/bin/firefox" "-marionette" "-foreground" "-no-remote" "-profile" "/tmp/rust_mozprofile.BLMrnqUAeEUg"
console.warn: SearchSettings: "get: No settings file exists, new profile?" (new Error("", "(unknown module)"))
1618926007003	Marionette	INFO	Listening on port 39777
1618926007137	Marionette	WARN	TLS certificate errors will be ignored for this session
1618926009806	Marionette	INFO	Stopped listening on port 39777
1618926068838	Marionette	INFO	Stopped listening on port 39175
1618926073086	mozrunner::runner	INFO	Running command: "/usr/bin/firefox" "-marionette" "-foreground" "-no-remote" "-profile" "/tmp/rust_mozprofile.G9cETSqKj2y8"
console.warn: SearchSettings: "get: No settings file exists, new profile?" (new Error("", "(unknown module)"))
1618926077623	Marionette	INFO	Listening on port 36221
1618926077697	Marionette	WARN	TLS certificate errors will be ignored for this session
1618926079907	Marionette	INFO	Stopped listening on port 36221
1618926084537	Marionette	INFO	Stopped listening on port 40285
1618926834291	mozrunner::runner	INFO	Running command: "/usr/bin/firefox" "-marionette" "-foreground" "-no-remote" "-profile" "/tmp/rust_mozprofile.hfovib1Dld5J"
console.warn: SearchSettings: "get: No settings file exists, new profile?" (new Error("", "(unknown module)"))
1618926838573	Marionette	INFO	Listening on port 43363
1618926838682	Marionette	WARN	TLS certificate errors will be ignored for this session
1618926973772	mozrunner::runner	INFO	Running command: "/usr/bin/firefox" "-marionette" "-foreground" "-no-remote" "-profile" "/tmp/rust_mozprofile.wIrFxxV0pDCa"
console.warn: SearchSettings: "get: No settings file exists, new profile?" (new Error("", "(unknown module)"))
1618926978195	Marionette	INFO	Listening on port 45905
1618926978289	Marionette	WARN	TLS certificate errors will be ignored for this session
1618926989563	Marionette	INFO	Stopped listening on port 45905
1618926990658	Marionette	INFO	Stopped listening on port 43363
1618927016533	mozrunner::runner	INFO	Running command: "/usr/bin/firefox" "-marionette" "-foreground" "-no-remote" "-profile" "/tmp/rust_mozprofile.7zdPRMLTcIiL"
console.warn: SearchSettings: "get: No settings file exists, new profile?" (new Error("", "(unknown module)"))
1618927020892	Marionette	INFO	Listening on port 33627
1618927020942	Marionette	WARN	TLS certificate errors will be ignored for this session
1618927148155	mozrunner::runner	INFO	Running command: "/usr/bin/firefox" "-marionette" "-foreground" "-no-remote" "-profile" "/tmp/rust_mozprofile.el3FBI4OAwqK"
console.warn: SearchSettings: "get: No settings file exists, new profile?" (new Error("", "(unknown module)"))
1618927152336	Marionette	INFO	Listening on port 38245
1618927152449	Marionette	WARN	TLS certificate errors will be ignored for this session
1618927155100	Marionette	INFO	Stopped listening on port 38245
1618927159094	Marionette	INFO	Stopped listening on port 33627
1618927381581	mozrunner::runner	INFO	Running command: "/usr/bin/firefox" "-marionette" "-foreground" "-no-remote" "-profile" "/tmp/rust_mozprofile.8Q0OIsOOT667"
console.warn: SearchSettings: "get: No settings file exists, new profile?" (new Error("", "(unknown module)"))
1618927385878	Marionette	INFO	Listening on port 35617
1618927386021	Marionette	WARN	TLS certificate errors will be ignored for this session
1618927388752	Marionette	INFO	Stopped listening on port 35617
1618927615570	mozrunner::runner	INFO	Running command: "/usr/bin/firefox" "-marionette" "-foreground" "-no-remote" "-profile" "/tmp/rust_mozprofile.GSR4cYqJmjMp"
console.warn: SearchSettings: "get: No settings file exists, new profile?" (new Error("", "(unknown module)"))
1618927619835	Marionette	INFO	Listening on port 41149
1618927619947	Marionette	WARN	TLS certificate errors will be ignored for this session
1618927761653	mozrunner::runner	INFO	Running command: "/usr/bin/firefox" "-marionette" "-foreground" "-no-remote" "-profile" "/tmp/rust_mozprofile.0gF1YHCRSoxa"
console.warn: SearchSettings: "get: No settings file exists, new profile?" (new Error("", "(unknown module)"))
1618927766195	Marionette	INFO	Listening on port 41237
1618927766347	Marionette	WARN	TLS certificate errors will be ignored for this session
1618927772797	Marionette	INFO	Stopped listening on port 41237
1618927774628	Marionette	INFO	Stopped listening on port 41149
1618927820882	mozrunner::runner	INFO	Running command: "/usr/bin/firefox" "-marionette" "-foreground" "-no-remote" "-profile" "/tmp/rust_mozprofile.MYQBmtc2Lp5e"
console.warn: SearchSettings: "get: No settings file exists, new profile?" (new Error("", "(unknown module)"))
1618927825495	Marionette	INFO	Listening on port 45449
1618927825610	Marionette	WARN	TLS certificate errors will be ignored for this session
1618927836228	Marionette	INFO	Stopped listening on port 45449
1618927856089	mozrunner::runner	INFO	Running command: "/usr/bin/firefox" "-marionette" "-foreground" "-no-remote" "-profile" "/tmp/rust_mozprofile.Zlajg3AJ4vyO"
console.warn: SearchSettings: "get: No settings file exists, new profile?" (new Error("", "(unknown module)"))
1618927860641	Marionette	INFO	Listening on port 39833
1618927860753	Marionette	WARN	TLS certificate errors will be ignored for this session
1618927863612	Marionette	INFO	Stopped listening on port 39833
1618927893898	mozrunner::runner	INFO	Running command: "/usr/bin/firefox" "-marionette" "-foreground" "-no-remote" "-profile" "/tmp/rust_mozprofile.xS0BBKNTaq7P"
console.warn: SearchSettings: "get: No settings file exists, new profile?" (new Error("", "(unknown module)"))
1618927898426	Marionette	INFO	Listening on port 38749
1618927898542	Marionette	WARN	TLS certificate errors will be ignored for this session
1618927904073	Marionette	INFO	Stopped listening on port 38749
1618927923937	mozrunner::runner	INFO	Running command: "/usr/bin/firefox" "-marionette" "-foreground" "-no-remote" "-profile" "/tmp/rust_mozprofile.MbbTgJZVQkMT"
console.warn: SearchSettings: "get: No settings file exists, new profile?" (new Error("", "(unknown module)"))
1618927929266	Marionette	INFO	Listening on port 37145
1618927929324	Marionette	WARN	TLS certificate errors will be ignored for this session
1618927932172	Marionette	INFO	Stopped listening on port 37145
1618928115609	mozrunner::runner	INFO	Running command: "/usr/bin/firefox" "-marionette" "-foreground" "-no-remote" "-profile" "/tmp/rust_mozprofile.v0eT05FVouaC"
console.warn: SearchSettings: "get: No settings file exists, new profile?" (new Error("", "(unknown module)"))
1618928120102	Marionette	INFO	Listening on port 37465
1618928120241	Marionette	WARN	TLS certificate errors will be ignored for this session
1618928122870	Marionette	INFO	Stopped listening on port 37465
1619004547471	mozrunner::runner	INFO	Running command: "/usr/bin/firefox" "-marionette" "-foreground" "-no-remote" "-profile" "/tmp/rust_mozprofile.qEDvvdF7Jq3U"
console.warn: SearchSettings: "get: No settings file exists, new profile?" (new Error("", "(unknown module)"))
1619004559829	Marionette	INFO	Listening on port 35905
1619004559959	Marionette	WARN	TLS certificate errors will be ignored for this session
1619004563189	Marionette	INFO	Stopped listening on port 35905
1619005557880	mozrunner::runner	INFO	Running command: "/usr/bin/firefox" "-marionette" "-foreground" "-no-remote" "-profile" "/tmp/rust_mozprofile.aGcLkc79pMu1"
console.warn: SearchSettings: "get: No settings file exists, new profile?" (new Error("", "(unknown module)"))
1619005563918	Marionette	INFO	Listening on port 44703
1619005564008	Marionette	WARN	TLS certificate errors will be ignored for this session
console.log: WebExtensions: reset-default-search: No addons in our list are installed.
console.warn: LoginRecipes: "getRecipes: falling back to a synchronous message for:" "http://127.0.0.1"
console.warn: LoginRecipes: "getRecipes: falling back to a synchronous message for:" "http://127.0.0.1"
1619006147596	Marionette	INFO	Stopped listening on port 44703
1619007045668	mozrunner::runner	INFO	Running command: "/usr/bin/firefox" "-marionette" "-foreground" "-no-remote" "-profile" "/tmp/rust_mozprofile.btTbdrr6wY2X"
console.warn: SearchSettings: "get: No settings file exists, new profile?" (new Error("", "(unknown module)"))
1619007051994	Marionette	INFO	Listening on port 42137
1619007052167	Marionette	WARN	TLS certificate errors will be ignored for this session
1619007054501	Marionette	INFO	Stopped listening on port 42137
1619007368136	mozrunner::runner	INFO	Running command: "/usr/bin/firefox" "-marionette" "-foreground" "-no-remote" "-profile" "/tmp/rust_mozprofile.yhiJbdWR38kL"
console.warn: SearchSettings: "get: No settings file exists, new profile?" (new Error("", "(unknown module)"))
1619007372260	Marionette	INFO	Listening on port 34407
1619007372383	Marionette	WARN	TLS certificate errors will be ignored for this session
1619007375079	Marionette	INFO	Stopped listening on port 34407
1619007404358	mozrunner::runner	INFO	Running command: "/usr/bin/firefox" "-marionette" "-foreground" "-no-remote" "-profile" "/tmp/rust_mozprofile.8yz0lo9S21TD"
console.warn: SearchSettings: "get: No settings file exists, new profile?" (new Error("", "(unknown module)"))
1619007408767	Marionette	INFO	Listening on port 40435
1619007408858	Marionette	WARN	TLS certificate errors will be ignored for this session
1619007553235	mozrunner::runner	INFO	Running command: "/usr/bin/firefox" "-marionette" "-foreground" "-no-remote" "-profile" "/tmp/rust_mozprofile.LeZcWIQ3eFSS"
console.warn: SearchSettings: "get: No settings file exists, new profile?" (new Error("", "(unknown module)"))
1619007559037	Marionette	INFO	Listening on port 44627
1619007559094	Marionette	WARN	TLS certificate errors will be ignored for this session
1619007566824	Marionette	INFO	Stopped listening on port 44627
1619007569341	Marionette	INFO	Stopped listening on port 40435
1619007822598	mozrunner::runner	INFO	Running command: "/usr/bin/firefox" "-marionette" "-foreground" "-no-remote" "-profile" "/tmp/rust_mozprofile.ugYdLeLnodua"
console.warn: SearchSettings: "get: No settings file exists, new profile?" (new Error("", "(unknown module)"))
1619007826960	Marionette	INFO	Listening on port 46879
1619007827032	Marionette	WARN	TLS certificate errors will be ignored for this session
1619007833682	Marionette	INFO	Stopped listening on port 46879
1619007872550	mozrunner::runner	INFO	Running command: "/usr/bin/firefox" "-marionette" "-foreground" "-no-remote" "-profile" "/tmp/rust_mozprofile.1sMEM9aWp0lO"
console.warn: SearchSettings: "get: No settings file exists, new profile?" (new Error("", "(unknown module)"))
1619007876816	Marionette	INFO	Listening on port 45771
1619007876989	Marionette	WARN	TLS certificate errors will be ignored for this session
1619007882914	Marionette	INFO	Stopped listening on port 45771
1619009908240	mozrunner::runner	INFO	Running command: "/usr/bin/firefox" "-marionette" "-foreground" "-no-remote" "-profile" "/tmp/rust_mozprofile.voqzRa5Tkzta"
console.warn: SearchSettings: "get: No settings file exists, new profile?" (new Error("", "(unknown module)"))
1619009912703	Marionette	INFO	Listening on port 41307
1619009912791	Marionette	WARN	TLS certificate errors will be ignored for this session
1619009916683	mozrunner::runner	INFO	Running command: "/usr/bin/firefox" "-marionette" "-foreground" "-no-remote" "-profile" "/tmp/rust_mozprofile.JX5jNnqAe3zJ"
console.warn: SearchSettings: "get: No settings file exists, new profile?" (new Error("", "(unknown module)"))
1619009922540	Marionette	INFO	Listening on port 42559
1619009922658	Marionette	WARN	TLS certificate errors will be ignored for this session
1619009927011	mozrunner::runner	INFO	Running command: "/usr/bin/firefox" "-marionette" "-foreground" "-no-remote" "-profile" "/tmp/rust_mozprofile.aP4gHDbuxaW0"
console.warn: SearchSettings: "get: No settings file exists, new profile?" (new Error("", "(unknown module)"))
1619009933218	Marionette	INFO	Listening on port 33887
1619009933350	Marionette	WARN	TLS certificate errors will be ignored for this session
1619009982378	Marionette	INFO	Stopped listening on port 41307
1619009984837	Marionette	INFO	Stopped listening on port 33887
JavaScript error: resource://gre/modules/CrashManager.jsm, line 833: NotAllowedError: Shutting down and refusing additional I/O tasks
1619009987553	Marionette	INFO	Stopped listening on port 42559
1619010167911	mozrunner::runner	INFO	Running command: "/usr/bin/firefox" "-marionette" "-foreground" "-no-remote" "-profile" "/tmp/rust_mozprofile.G4Ie1QkvQcNO"
console.warn: SearchSettings: "get: No settings file exists, new profile?" (new Error("", "(unknown module)"))
1619010172111	Marionette	INFO	Listening on port 41279
1619010172218	Marionette	WARN	TLS certificate errors will be ignored for this session
1619010174768	mozrunner::runner	INFO	Running command: "/usr/bin/firefox" "-marionette" "-foreground" "-no-remote" "-profile" "/tmp/rust_mozprofile.vwDRgKFEom7p"
console.warn: SearchSettings: "get: No settings file exists, new profile?" (new Error("", "(unknown module)"))
1619010179013	Marionette	INFO	Listening on port 43113
1619010179116	Marionette	WARN	TLS certificate errors will be ignored for this session
1619010181530	mozrunner::runner	INFO	Running command: "/usr/bin/firefox" "-marionette" "-foreground" "-no-remote" "-profile" "/tmp/rust_mozprofile.VA397g8jNWfi"
console.warn: SearchSettings: "get: No settings file exists, new profile?" (new Error("", "(unknown module)"))
1619010186583	Marionette	INFO	Listening on port 38041
1619010186644	Marionette	WARN	TLS certificate errors will be ignored for this session
1619010308599	mozrunner::runner	INFO	Running command: "/usr/bin/firefox" "-marionette" "-foreground" "-no-remote" "-profile" "/tmp/rust_mozprofile.uhuBIZLeGWbG"
console.warn: SearchSettings: "get: No settings file exists, new profile?" (new Error("", "(unknown module)"))
1619010314439	Marionette	INFO	Listening on port 39259
1619010314517	Marionette	WARN	TLS certificate errors will be ignored for this session
1619010317535	mozrunner::runner	INFO	Running command: "/usr/bin/firefox" "-marionette" "-foreground" "-no-remote" "-profile" "/tmp/rust_mozprofile.2QJATJBedrMh"
console.warn: SearchSettings: "get: No settings file exists, new profile?" (new Error("", "(unknown module)"))
1619010323474	Marionette	INFO	Listening on port 33635
1619010323588	Marionette	WARN	TLS certificate errors will be ignored for this session
1619010325504	mozrunner::runner	INFO	Running command: "/usr/bin/firefox" "-marionette" "-foreground" "-no-remote" "-profile" "/tmp/rust_mozprofile.iiidX4ZatSIS"
console.warn: SearchSettings: "get: No settings file exists, new profile?" (new Error("", "(unknown module)"))
1619010332518	Marionette	INFO	Listening on port 34541
1619010332586	Marionette	WARN	TLS certificate errors will be ignored for this session
1619010376213	Marionette	INFO	Stopped listening on port 41279
1619010379393	Marionette	INFO	Stopped listening on port 34541
1619010380507	Marionette	INFO	Stopped listening on port 33635
1619010383110	Marionette	INFO	Stopped listening on port 39259
1619010385579	Marionette	INFO	Stopped listening on port 38041
1619010387921	Marionette	INFO	Stopped listening on port 43113
1619010396736	mozrunner::runner	INFO	Running command: "/usr/bin/firefox" "-marionette" "-foreground" "-no-remote" "-profile" "/tmp/rust_mozprofile.zB3ooTXUaB4X"
console.warn: SearchSettings: "get: No settings file exists, new profile?" (new Error("", "(unknown module)"))
1619010401024	Marionette	INFO	Listening on port 33651
1619010401169	Marionette	WARN	TLS certificate errors will be ignored for this session
1619010403780	mozrunner::runner	INFO	Running command: "/usr/bin/firefox" "-marionette" "-foreground" "-no-remote" "-profile" "/tmp/rust_mozprofile.vNYg4bMAx4HA"
console.warn: SearchSettings: "get: No settings file exists, new profile?" (new Error("", "(unknown module)"))
1619010408237	Marionette	INFO	Listening on port 32861
1619010408331	Marionette	WARN	TLS certificate errors will be ignored for this session
1619010411290	mozrunner::runner	INFO	Running command: "/usr/bin/firefox" "-marionette" "-foreground" "-no-remote" "-profile" "/tmp/rust_mozprofile.Jo6Ogb9K7Cku"
console.warn: SearchSettings: "get: No settings file exists, new profile?" (new Error("", "(unknown module)"))
1619010416569	Marionette	INFO	Listening on port 35467
1619010416672	Marionette	WARN	TLS certificate errors will be ignored for this session
1619010442304	Marionette	INFO	Stopped listening on port 35467
1619010485139	Marionette	INFO	Stopped listening on port 32861
1619010565292	Marionette	INFO	Stopped listening on port 33651
1619010567902	mozrunner::runner	INFO	Running command: "/usr/bin/firefox" "-marionette" "-foreground" "-no-remote" "-profile" "/tmp/rust_mozprofile.tu5S1slVSodE"
console.warn: SearchSettings: "get: No settings file exists, new profile?" (new Error("", "(unknown module)"))
1619010572283	Marionette	INFO	Listening on port 43761
1619010572386	Marionette	WARN	TLS certificate errors will be ignored for this session
1619010575074	mozrunner::runner	INFO	Running command: "/usr/bin/firefox" "-marionette" "-foreground" "-no-remote" "-profile" "/tmp/rust_mozprofile.yOmIxPlPJHsS"
console.warn: SearchSettings: "get: No settings file exists, new profile?" (new Error("", "(unknown module)"))
1619010579447	Marionette	INFO	Listening on port 38377
1619010579592	Marionette	WARN	TLS certificate errors will be ignored for this session
1619010582204	mozrunner::runner	INFO	Running command: "/usr/bin/firefox" "-marionette" "-foreground" "-no-remote" "-profile" "/tmp/rust_mozprofile.uRRJfxF8CSsx"
console.warn: SearchSettings: "get: No settings file exists, new profile?" (new Error("", "(unknown module)"))
1619010587255	Marionette	INFO	Listening on port 39379
1619010587353	Marionette	WARN	TLS certificate errors will be ignored for this session
1619010689213	mozrunner::runner	INFO	Running command: "/usr/bin/firefox" "-marionette" "-foreground" "-no-remote" "-profile" "/tmp/rust_mozprofile.lt1h13VqsBGe"
console.warn: SearchSettings: "get: No settings file exists, new profile?" (new Error("", "(unknown module)"))
1619010693394	Marionette	INFO	Listening on port 37897
1619010693497	Marionette	WARN	TLS certificate errors will be ignored for this session
1619010697508	mozrunner::runner	INFO	Running command: "/usr/bin/firefox" "-marionette" "-foreground" "-no-remote" "-profile" "/tmp/rust_mozprofile.RuYwsVBvxnBd"
console.warn: SearchSettings: "get: No settings file exists, new profile?" (new Error("", "(unknown module)"))
1619010702067	Marionette	INFO	Listening on port 37379
1619010702166	Marionette	WARN	TLS certificate errors will be ignored for this session
1619010706826	mozrunner::runner	INFO	Running command: "/usr/bin/firefox" "-marionette" "-foreground" "-no-remote" "-profile" "/tmp/rust_mozprofile.mtlUYpIwfNIx"
console.warn: SearchSettings: "get: No settings file exists, new profile?" (new Error("", "(unknown module)"))
1619010711216	Marionette	INFO	Listening on port 43181
1619010711328	Marionette	WARN	TLS certificate errors will be ignored for this session
1619010735549	Marionette	INFO	Stopped listening on port 38377
1619010737349	Marionette	INFO	Stopped listening on port 39379
1619010740180	Marionette	INFO	Stopped listening on port 37379
1619010741509	Marionette	INFO	Stopped listening on port 43761
1619010743928	Marionette	INFO	Stopped listening on port 43181
1619010748448	Marionette	INFO	Stopped listening on port 37897
1619010800899	mozrunner::runner	INFO	Running command: "/usr/bin/firefox" "-marionette" "-foreground" "-no-remote" "-profile" "/tmp/rust_mozprofile.VNZMqeVPPFrW"
console.warn: SearchSettings: "get: No settings file exists, new profile?" (new Error("", "(unknown module)"))
1619010805303	Marionette	INFO	Listening on port 43209
1619010805395	Marionette	WARN	TLS certificate errors will be ignored for this session
1619010808938	mozrunner::runner	INFO	Running command: "/usr/bin/firefox" "-marionette" "-foreground" "-no-remote" "-profile" "/tmp/rust_mozprofile.Aem9DyHnpL6U"
console.warn: SearchSettings: "get: No settings file exists, new profile?" (new Error("", "(unknown module)"))
1619010813931	Marionette	INFO	Listening on port 34179
1619010814026	Marionette	WARN	TLS certificate errors will be ignored for this session
1619010818956	mozrunner::runner	INFO	Running command: "/usr/bin/firefox" "-marionette" "-foreground" "-no-remote" "-profile" "/tmp/rust_mozprofile.vIbPMYqzILF9"
console.warn: SearchSettings: "get: No settings file exists, new profile?" (new Error("", "(unknown module)"))
1619010823461	Marionette	INFO	Listening on port 38711
1619010823609	Marionette	WARN	TLS certificate errors will be ignored for this session
1619010862391	mozrunner::runner	INFO	Running command: "/usr/bin/firefox" "-marionette" "-foreground" "-no-remote" "-profile" "/tmp/rust_mozprofile.8lYtWWusRXGK"
console.warn: SearchSettings: "get: No settings file exists, new profile?" (new Error("", "(unknown module)"))
1619010866662	Marionette	INFO	Listening on port 46177
1619010866782	Marionette	WARN	TLS certificate errors will be ignored for this session
1619010870570	mozrunner::runner	INFO	Running command: "/usr/bin/firefox" "-marionette" "-foreground" "-no-remote" "-profile" "/tmp/rust_mozprofile.GoCspHePTQuW"
console.warn: SearchSettings: "get: No settings file exists, new profile?" (new Error("", "(unknown module)"))
1619010875067	Marionette	INFO	Listening on port 40439
1619010875218	Marionette	WARN	TLS certificate errors will be ignored for this session
1619010879913	mozrunner::runner	INFO	Running command: "/usr/bin/firefox" "-marionette" "-foreground" "-no-remote" "-profile" "/tmp/rust_mozprofile.Dl6VHWnavumv"
console.warn: SearchSettings: "get: No settings file exists, new profile?" (new Error("", "(unknown module)"))
1619010884818	Marionette	INFO	Listening on port 34033
1619010884962	Marionette	WARN	TLS certificate errors will be ignored for this session
1619010923923	mozrunner::runner	INFO	Running command: "/usr/bin/firefox" "-marionette" "-foreground" "-no-remote" "-profile" "/tmp/rust_mozprofile.SCfvPAIiY8bd"
console.warn: SearchSettings: "get: No settings file exists, new profile?" (new Error("", "(unknown module)"))
1619010929959	Marionette	INFO	Listening on port 45857
1619010930093	Marionette	WARN	TLS certificate errors will be ignored for this session
1619010934355	mozrunner::runner	INFO	Running command: "/usr/bin/firefox" "-marionette" "-foreground" "-no-remote" "-profile" "/tmp/rust_mozprofile.IXGjRtTqLoRu"
console.warn: SearchSettings: "get: No settings file exists, new profile?" (new Error("", "(unknown module)"))
1619010940391	Marionette	INFO	Listening on port 34859
1619010940521	Marionette	WARN	TLS certificate errors will be ignored for this session
1619010945937	mozrunner::runner	INFO	Running command: "/usr/bin/firefox" "-marionette" "-foreground" "-no-remote" "-profile" "/tmp/rust_mozprofile.OR4RVxBZxHG7"
console.warn: SearchSettings: "get: No settings file exists, new profile?" (new Error("", "(unknown module)"))
1619010951663	Marionette	INFO	Listening on port 38847
1619010951779	Marionette	WARN	TLS certificate errors will be ignored for this session
1619010956393	Marionette	INFO	Stopped listening on port 38847
1619010970746	Marionette	INFO	Stopped listening on port 43209
1619010973308	Marionette	INFO	Stopped listening on port 34179
1619010976457	Marionette	INFO	Stopped listening on port 38711
1619010978670	Marionette	INFO	Stopped listening on port 46177
1619010981496	Marionette	INFO	Stopped listening on port 40439
1619010983914	Marionette	INFO	Stopped listening on port 34859
1619010985681	Marionette	INFO	Stopped listening on port 45857
1619010987716	Marionette	INFO	Stopped listening on port 34033
1619011019166	mozrunner::runner	INFO	Running command: "/usr/bin/firefox" "-marionette" "-foreground" "-no-remote" "-profile" "/tmp/rust_mozprofile.vOmSeA49H82l"
console.warn: SearchSettings: "get: No settings file exists, new profile?" (new Error("", "(unknown module)"))
1619011023542	Marionette	INFO	Listening on port 39165
1619011023629	Marionette	WARN	TLS certificate errors will be ignored for this session
1619011027477	mozrunner::runner	INFO	Running command: "/usr/bin/firefox" "-marionette" "-foreground" "-no-remote" "-profile" "/tmp/rust_mozprofile.1eu5azLCK8vY"
console.warn: SearchSettings: "get: No settings file exists, new profile?" (new Error("", "(unknown module)"))
1619011031897	Marionette	INFO	Listening on port 34823
1619011032013	Marionette	WARN	TLS certificate errors will be ignored for this session
1619011036773	mozrunner::runner	INFO	Running command: "/usr/bin/firefox" "-marionette" "-foreground" "-no-remote" "-profile" "/tmp/rust_mozprofile.gsBNUEHkAOrD"
console.warn: SearchSettings: "get: No settings file exists, new profile?" (new Error("", "(unknown module)"))
1619011041118	Marionette	INFO	Listening on port 33575
1619011041227	Marionette	WARN	TLS certificate errors will be ignored for this session
1619011045555	Marionette	INFO	Stopped listening on port 33575
1619011095430	Marionette	INFO	Stopped listening on port 34823
1619011149216	mozrunner::runner	INFO	Running command: "/usr/bin/firefox" "-marionette" "-foreground" "-no-remote" "-profile" "/tmp/rust_mozprofile.BF7Q8yZTsSVW"
console.warn: SearchSettings: "get: No settings file exists, new profile?" (new Error("", "(unknown module)"))
1619011153386	Marionette	INFO	Listening on port 43761
1619011153486	Marionette	WARN	TLS certificate errors will be ignored for this session
1619011157222	Marionette	INFO	Stopped listening on port 43761
1619011159165	mozrunner::runner	INFO	Running command: "/usr/bin/firefox" "-marionette" "-foreground" "-no-remote" "-profile" "/tmp/rust_mozprofile.0jQdZfAlS85g"
console.warn: SearchSettings: "get: No settings file exists, new profile?" (new Error("", "(unknown module)"))
1619011163248	Marionette	INFO	Listening on port 43199
1619011163339	Marionette	WARN	TLS certificate errors will be ignored for this session
1619011168373	Marionette	INFO	Stopped listening on port 43199
1619011170299	mozrunner::runner	INFO	Running command: "/usr/bin/firefox" "-marionette" "-foreground" "-no-remote" "-profile" "/tmp/rust_mozprofile.jxdRKAOfHtfz"
console.warn: SearchSettings: "get: No settings file exists, new profile?" (new Error("", "(unknown module)"))
1619011174519	Marionette	INFO	Listening on port 38551
1619011174653	Marionette	WARN	TLS certificate errors will be ignored for this session
1619011179800	Marionette	INFO	Stopped listening on port 38551
1619011194778	mozrunner::runner	INFO	Running command: "/usr/bin/firefox" "-marionette" "-foreground" "-no-remote" "-profile" "/tmp/rust_mozprofile.TTUw3tU6NGmy"
console.warn: SearchSettings: "get: No settings file exists, new profile?" (new Error("", "(unknown module)"))
1619011199214	Marionette	INFO	Listening on port 42695
1619011199308	Marionette	WARN	TLS certificate errors will be ignored for this session
1619011203040	Marionette	INFO	Stopped listening on port 42695
1619011204995	mozrunner::runner	INFO	Running command: "/usr/bin/firefox" "-marionette" "-foreground" "-no-remote" "-profile" "/tmp/rust_mozprofile.DZe6bJKNg1eY"
console.warn: SearchSettings: "get: No settings file exists, new profile?" (new Error("", "(unknown module)"))
1619011209217	Marionette	INFO	Listening on port 42053
1619011209356	Marionette	WARN	TLS certificate errors will be ignored for this session
1619011214241	Marionette	INFO	Stopped listening on port 42053
1619011216196	mozrunner::runner	INFO	Running command: "/usr/bin/firefox" "-marionette" "-foreground" "-no-remote" "-profile" "/tmp/rust_mozprofile.yX1lSR8b12Yg"
console.warn: SearchSettings: "get: No settings file exists, new profile?" (new Error("", "(unknown module)"))
1619011220270	Marionette	INFO	Listening on port 41873
1619011220364	Marionette	WARN	TLS certificate errors will be ignored for this session
1619011225238	Marionette	INFO	Stopped listening on port 41873
1619011297610	Marionette	INFO	Stopped listening on port 39165
1619011344939	mozrunner::runner	INFO	Running command: "/usr/bin/firefox" "-marionette" "-foreground" "-no-remote" "-profile" "/tmp/rust_mozprofile.TgpXsvaeDfTK"
console.warn: SearchSettings: "get: No settings file exists, new profile?" (new Error("", "(unknown module)"))
1619011349112	Marionette	INFO	Listening on port 44945
1619011349226	Marionette	WARN	TLS certificate errors will be ignored for this session
1619011352638	Marionette	INFO	Stopped listening on port 44945
1619011354535	mozrunner::runner	INFO	Running command: "/usr/bin/firefox" "-marionette" "-foreground" "-no-remote" "-profile" "/tmp/rust_mozprofile.wGFO8cdNGaN8"
console.warn: SearchSettings: "get: No settings file exists, new profile?" (new Error("", "(unknown module)"))
1619011358840	Marionette	INFO	Listening on port 34541
1619011358978	Marionette	WARN	TLS certificate errors will be ignored for this session
1619011363748	Marionette	INFO	Stopped listening on port 34541
1619011365760	mozrunner::runner	INFO	Running command: "/usr/bin/firefox" "-marionette" "-foreground" "-no-remote" "-profile" "/tmp/rust_mozprofile.bSqc37chNrtX"
console.warn: SearchSettings: "get: No settings file exists, new profile?" (new Error("", "(unknown module)"))
1619011370086	Marionette	INFO	Listening on port 39705
1619011370200	Marionette	WARN	TLS certificate errors will be ignored for this session
1619011375356	Marionette	INFO	Stopped listening on port 39705
1619011842555	mozrunner::runner	INFO	Running command: "/usr/bin/firefox" "-marionette" "-foreground" "-no-remote" "-profile" "/tmp/rust_mozprofile.PudKqmgJUd1C"
console.warn: SearchSettings: "get: No settings file exists, new profile?" (new Error("", "(unknown module)"))
1619011846796	Marionette	INFO	Listening on port 44927
1619011846898	Marionette	WARN	TLS certificate errors will be ignored for this session
1619011850940	Marionette	INFO	Stopped listening on port 44927
1619011852963	mozrunner::runner	INFO	Running command: "/usr/bin/firefox" "-marionette" "-foreground" "-no-remote" "-profile" "/tmp/rust_mozprofile.KfuxP0fxziH7"
console.warn: SearchSettings: "get: No settings file exists, new profile?" (new Error("", "(unknown module)"))
1619011857224	Marionette	INFO	Listening on port 37283
1619011857361	Marionette	WARN	TLS certificate errors will be ignored for this session
1619011862512	Marionette	INFO	Stopped listening on port 37283
1619011864481	mozrunner::runner	INFO	Running command: "/usr/bin/firefox" "-marionette" "-foreground" "-no-remote" "-profile" "/tmp/rust_mozprofile.7NJxybDyznCj"
console.warn: SearchSettings: "get: No settings file exists, new profile?" (new Error("", "(unknown module)"))
1619011868729	Marionette	INFO	Listening on port 40535
1619011868818	Marionette	WARN	TLS certificate errors will be ignored for this session
1619011961648	Marionette	INFO	Stopped listening on port 40535
1619011964878	mozrunner::runner	INFO	Running command: "/usr/bin/firefox" "-marionette" "-foreground" "-no-remote" "-profile" "/tmp/rust_mozprofile.1jtCCTJDYnc4"
console.warn: SearchSettings: "get: No settings file exists, new profile?" (new Error("", "(unknown module)"))
1619011969135	Marionette	INFO	Listening on port 40389
1619011969248	Marionette	WARN	TLS certificate errors will be ignored for this session
1619011973158	Marionette	INFO	Stopped listening on port 40389
1619011975084	mozrunner::runner	INFO	Running command: "/usr/bin/firefox" "-marionette" "-foreground" "-no-remote" "-profile" "/tmp/rust_mozprofile.It8l7GZgkRHS"
console.warn: SearchSettings: "get: No settings file exists, new profile?" (new Error("", "(unknown module)"))
1619011979330	Marionette	INFO	Listening on port 35305
1619011979424	Marionette	WARN	TLS certificate errors will be ignored for this session
1619011984574	Marionette	INFO	Stopped listening on port 35305
1619011986530	mozrunner::runner	INFO	Running command: "/usr/bin/firefox" "-marionette" "-foreground" "-no-remote" "-profile" "/tmp/rust_mozprofile.kUjS0yhFSioA"
console.warn: SearchSettings: "get: No settings file exists, new profile?" (new Error("", "(unknown module)"))
1619011990734	Marionette	INFO	Listening on port 44823
1619011990881	Marionette	WARN	TLS certificate errors will be ignored for this session
1619012131413	Marionette	INFO	Stopped listening on port 44823
1619012136340	mozrunner::runner	INFO	Running command: "/usr/bin/firefox" "-marionette" "-foreground" "-no-remote" "-profile" "/tmp/rust_mozprofile.vWMPt6aHQcZL"
console.warn: SearchSettings: "get: No settings file exists, new profile?" (new Error("", "(unknown module)"))
1619012140667	Marionette	INFO	Listening on port 42739
1619012140801	Marionette	WARN	TLS certificate errors will be ignored for this session
1619012144583	Marionette	INFO	Stopped listening on port 42739
1619012146494	mozrunner::runner	INFO	Running command: "/usr/bin/firefox" "-marionette" "-foreground" "-no-remote" "-profile" "/tmp/rust_mozprofile.19hwWGed8iyn"
console.warn: SearchSettings: "get: No settings file exists, new profile?" (new Error("", "(unknown module)"))
1619012150844	Marionette	INFO	Listening on port 34001
1619012150933	Marionette	WARN	TLS certificate errors will be ignored for this session
1619012155938	Marionette	INFO	Stopped listening on port 34001
1619012157942	mozrunner::runner	INFO	Running command: "/usr/bin/firefox" "-marionette" "-foreground" "-no-remote" "-profile" "/tmp/rust_mozprofile.SxvxxLfotuap"
console.warn: SearchSettings: "get: No settings file exists, new profile?" (new Error("", "(unknown module)"))
1619012162396	Marionette	INFO	Listening on port 43423
1619012162520	Marionette	WARN	TLS certificate errors will be ignored for this session
1619012424392	mozrunner::runner	INFO	Running command: "/usr/bin/firefox" "-marionette" "-foreground" "-no-remote" "-profile" "/tmp/rust_mozprofile.gGeAorTLMsZL"
console.warn: SearchSettings: "get: No settings file exists, new profile?" (new Error("", "(unknown module)"))
1619012428474	Marionette	INFO	Listening on port 40971
1619012428623	Marionette	WARN	TLS certificate errors will be ignored for this session
1619012433548	Marionette	INFO	Stopped listening on port 40971
1619012435975	mozrunner::runner	INFO	Running command: "/usr/bin/firefox" "-marionette" "-foreground" "-no-remote" "-profile" "/tmp/rust_mozprofile.RY8HeRMML101"
console.warn: SearchSettings: "get: No settings file exists, new profile?" (new Error("", "(unknown module)"))
1619012440484	Marionette	INFO	Listening on port 42801
1619012440638	Marionette	WARN	TLS certificate errors will be ignored for this session
1619012445817	Marionette	INFO	Stopped listening on port 42801
1619012447780	mozrunner::runner	INFO	Running command: "/usr/bin/firefox" "-marionette" "-foreground" "-no-remote" "-profile" "/tmp/rust_mozprofile.w4LVVdxZj2eU"
console.warn: SearchSettings: "get: No settings file exists, new profile?" (new Error("", "(unknown module)"))
1619012451967	Marionette	INFO	Listening on port 41101
1619012452107	Marionette	WARN	TLS certificate errors will be ignored for this session
1619012488917	Marionette	INFO	Stopped listening on port 41101
1619012492493	Marionette	INFO	Stopped listening on port 43423
1619012589447	mozrunner::runner	INFO	Running command: "/usr/bin/firefox" "-marionette" "-foreground" "-no-remote" "-profile" "/tmp/rust_mozprofile.yDX73tbXSEvv"
console.warn: SearchSettings: "get: No settings file exists, new profile?" (new Error("", "(unknown module)"))
1619012593575	Marionette	INFO	Listening on port 36307
1619012593690	Marionette	WARN	TLS certificate errors will be ignored for this session
1619012597693	Marionette	INFO	Stopped listening on port 36307
1619012599665	mozrunner::runner	INFO	Running command: "/usr/bin/firefox" "-marionette" "-foreground" "-no-remote" "-profile" "/tmp/rust_mozprofile.jKWKslaX6Vhu"
console.warn: SearchSettings: "get: No settings file exists, new profile?" (new Error("", "(unknown module)"))
1619012603827	Marionette	INFO	Listening on port 39089
1619012603935	Marionette	WARN	TLS certificate errors will be ignored for this session
1619012609175	Marionette	INFO	Stopped listening on port 39089
1619012611198	mozrunner::runner	INFO	Running command: "/usr/bin/firefox" "-marionette" "-foreground" "-no-remote" "-profile" "/tmp/rust_mozprofile.RenEoLfZZly7"
console.warn: SearchSettings: "get: No settings file exists, new profile?" (new Error("", "(unknown module)"))
1619012615511	Marionette	INFO	Listening on port 44717
1619012615659	Marionette	WARN	TLS certificate errors will be ignored for this session
1619012664594	mozrunner::runner	INFO	Running command: "/usr/bin/firefox" "-marionette" "-foreground" "-no-remote" "-profile" "/tmp/rust_mozprofile.3mX9cuG6dQv7"
console.warn: SearchSettings: "get: No settings file exists, new profile?" (new Error("", "(unknown module)"))
1619012668884	Marionette	INFO	Listening on port 43583
1619012668971	Marionette	WARN	TLS certificate errors will be ignored for this session
1619012672896	Marionette	INFO	Stopped listening on port 43583
1619012674797	mozrunner::runner	INFO	Running command: "/usr/bin/firefox" "-marionette" "-foreground" "-no-remote" "-profile" "/tmp/rust_mozprofile.fdFCl6kI8q6j"
console.warn: SearchSettings: "get: No settings file exists, new profile?" (new Error("", "(unknown module)"))
1619012678917	Marionette	INFO	Listening on port 38779
1619012679013	Marionette	WARN	TLS certificate errors will be ignored for this session
1619012684091	Marionette	INFO	Stopped listening on port 38779
1619012686055	mozrunner::runner	INFO	Running command: "/usr/bin/firefox" "-marionette" "-foreground" "-no-remote" "-profile" "/tmp/rust_mozprofile.WD0hBLO4bxIz"
console.warn: SearchSettings: "get: No settings file exists, new profile?" (new Error("", "(unknown module)"))
1619012690290	Marionette	INFO	Listening on port 39345
1619012690395	Marionette	WARN	TLS certificate errors will be ignored for this session
1619012732242	Marionette	INFO	Stopped listening on port 39345
1619012873708	mozrunner::runner	INFO	Running command: "/usr/bin/firefox" "-marionette" "-foreground" "-no-remote" "-profile" "/tmp/rust_mozprofile.WyHra0A16Pzy"
console.warn: SearchSettings: "get: No settings file exists, new profile?" (new Error("", "(unknown module)"))
1619012878167	Marionette	INFO	Listening on port 45471
1619012878260	Marionette	WARN	TLS certificate errors will be ignored for this session
1619012882120	Marionette	INFO	Stopped listening on port 45471
1619012884687	mozrunner::runner	INFO	Running command: "/usr/bin/firefox" "-marionette" "-foreground" "-no-remote" "-profile" "/tmp/rust_mozprofile.eoZL82S2PskV"
console.warn: SearchSettings: "get: No settings file exists, new profile?" (new Error("", "(unknown module)"))
1619012891074	Marionette	INFO	Listening on port 44295
1619012891148	Marionette	WARN	TLS certificate errors will be ignored for this session
1619012896063	Marionette	INFO	Stopped listening on port 44295
1619012898036	mozrunner::runner	INFO	Running command: "/usr/bin/firefox" "-marionette" "-foreground" "-no-remote" "-profile" "/tmp/rust_mozprofile.B1jSee5fwm8P"
console.warn: SearchSettings: "get: No settings file exists, new profile?" (new Error("", "(unknown module)"))
1619012902514	Marionette	INFO	Listening on port 36283
1619012902610	Marionette	WARN	TLS certificate errors will be ignored for this session
1619012958830	mozrunner::runner	INFO	Running command: "/usr/bin/firefox" "-marionette" "-foreground" "-no-remote" "-profile" "/tmp/rust_mozprofile.E7h1HwkFIu4H"
console.warn: SearchSettings: "get: No settings file exists, new profile?" (new Error("", "(unknown module)"))
1619012963184	Marionette	INFO	Listening on port 43253
1619012963291	Marionette	WARN	TLS certificate errors will be ignored for this session
1619012966989	Marionette	INFO	Stopped listening on port 43253
1619012968983	mozrunner::runner	INFO	Running command: "/usr/bin/firefox" "-marionette" "-foreground" "-no-remote" "-profile" "/tmp/rust_mozprofile.bF3ALelogbSU"
console.warn: SearchSettings: "get: No settings file exists, new profile?" (new Error("", "(unknown module)"))
1619012973173	Marionette	INFO	Listening on port 33593
1619012973272	Marionette	WARN	TLS certificate errors will be ignored for this session
1619012978353	Marionette	INFO	Stopped listening on port 33593
1619012980299	mozrunner::runner	INFO	Running command: "/usr/bin/firefox" "-marionette" "-foreground" "-no-remote" "-profile" "/tmp/rust_mozprofile.JhAXJmNcFZso"
console.warn: SearchSettings: "get: No settings file exists, new profile?" (new Error("", "(unknown module)"))
1619012984665	Marionette	INFO	Listening on port 45947
1619012984758	Marionette	WARN	TLS certificate errors will be ignored for this session
console.log: WebExtensions: reset-default-search: No addons in our list are installed.
console.warn: LoginRecipes: "getRecipes: falling back to a synchronous message for:" "http://127.0.0.1"
1619013209019	Marionette	INFO	Stopped listening on port 45947
1619013211666	Marionette	INFO	Stopped listening on port 36283
1619013214212	Marionette	INFO	Stopped listening on port 44717
1619095069488	mozrunner::runner	INFO	Running command: "/usr/bin/firefox" "-marionette" "-foreground" "-no-remote" "-profile" "/tmp/rust_mozprofile.vHtzMzSdwQNs"
console.warn: SearchSettings: "get: No settings file exists, new profile?" (new Error("", "(unknown module)"))
1619095073804	Marionette	INFO	Listening on port 39527
1619095073934	Marionette	WARN	TLS certificate errors will be ignored for this session
1619095077418	Marionette	INFO	Stopped listening on port 39527
1619095079403	mozrunner::runner	INFO	Running command: "/usr/bin/firefox" "-marionette" "-foreground" "-no-remote" "-profile" "/tmp/rust_mozprofile.K9zNoFEQOE90"
console.warn: SearchSettings: "get: No settings file exists, new profile?" (new Error("", "(unknown module)"))
1619095083901	Marionette	INFO	Listening on port 38735
1619095083995	Marionette	WARN	TLS certificate errors will be ignored for this session
1619095089021	Marionette	INFO	Stopped listening on port 38735
1619095091013	mozrunner::runner	INFO	Running command: "/usr/bin/firefox" "-marionette" "-foreground" "-no-remote" "-profile" "/tmp/rust_mozprofile.Ttydxlrt7S0A"
console.warn: SearchSettings: "get: No settings file exists, new profile?" (new Error("", "(unknown module)"))
1619095095095	Marionette	INFO	Listening on port 44105
1619095095245	Marionette	WARN	TLS certificate errors will be ignored for this session
1619095137414	mozrunner::runner	INFO	Running command: "/usr/bin/firefox" "-marionette" "-foreground" "-no-remote" "-profile" "/tmp/rust_mozprofile.MtSME749SG1H"
console.warn: SearchSettings: "get: No settings file exists, new profile?" (new Error("", "(unknown module)"))
1619095143681	Marionette	INFO	Listening on port 33473
1619095143745	Marionette	WARN	TLS certificate errors will be ignored for this session
1619095147980	Marionette	INFO	Stopped listening on port 33473
1619095149955	mozrunner::runner	INFO	Running command: "/usr/bin/firefox" "-marionette" "-foreground" "-no-remote" "-profile" "/tmp/rust_mozprofile.HRBU515uz80A"
console.warn: SearchSettings: "get: No settings file exists, new profile?" (new Error("", "(unknown module)"))
1619095154408	Marionette	INFO	Listening on port 45969
1619095154502	Marionette	WARN	TLS certificate errors will be ignored for this session
1619095159280	Marionette	INFO	Stopped listening on port 45969
1619095161219	mozrunner::runner	INFO	Running command: "/usr/bin/firefox" "-marionette" "-foreground" "-no-remote" "-profile" "/tmp/rust_mozprofile.RRn7ybw18b9X"
console.warn: SearchSettings: "get: No settings file exists, new profile?" (new Error("", "(unknown module)"))
1619095165995	Marionette	INFO	Listening on port 44913
1619095166100	Marionette	WARN	TLS certificate errors will be ignored for this session
console.log: WebExtensions: reset-default-search: No addons in our list are installed.
console.log: WebExtensions: reset-default-search: No addons in our list are installed.
1619096839734	Marionette	INFO	Stopped listening on port 44913
1619096842080	Marionette	INFO	Stopped listening on port 44105
1619096849463	mozrunner::runner	INFO	Running command: "/usr/bin/firefox" "-marionette" "-foreground" "-no-remote" "-profile" "/tmp/rust_mozprofile.DZOQHhCKnvSG"
console.warn: SearchSettings: "get: No settings file exists, new profile?" (new Error("", "(unknown module)"))
1619096853687	Marionette	INFO	Listening on port 44467
1619096853823	Marionette	WARN	TLS certificate errors will be ignored for this session
1619096954762	Marionette	INFO	Stopped listening on port 44467
1619096957376	mozrunner::runner	INFO	Running command: "/usr/bin/firefox" "-marionette" "-foreground" "-no-remote" "-profile" "/tmp/rust_mozprofile.NcL8xufBeM0e"
console.warn: SearchSettings: "get: No settings file exists, new profile?" (new Error("", "(unknown module)"))
1619096961601	Marionette	INFO	Listening on port 38647
1619096961718	Marionette	WARN	TLS certificate errors will be ignored for this session
1619096990156	mozrunner::runner	INFO	Running command: "/usr/bin/firefox" "-marionette" "-foreground" "-no-remote" "-profile" "/tmp/rust_mozprofile.AUt4LL9RbNfC"
1619096992177	Marionette	INFO	Stopped listening on port 38647
console.warn: SearchSettings: "get: No settings file exists, new profile?" (new Error("", "(unknown module)"))
1619096995645	Marionette	INFO	Listening on port 37071
1619096995718	Marionette	WARN	TLS certificate errors will be ignored for this session
1619097009158	Marionette	INFO	Stopped listening on port 37071
1619097015882	mozrunner::runner	INFO	Running command: "/usr/bin/firefox" "-marionette" "-foreground" "-no-remote" "-profile" "/tmp/rust_mozprofile.BHk6wtCY9vJj"
console.warn: SearchSettings: "get: No settings file exists, new profile?" (new Error("", "(unknown module)"))
1619097019995	Marionette	INFO	Listening on port 38207
1619097020155	Marionette	WARN	TLS certificate errors will be ignored for this session
1619097033566	Marionette	INFO	Stopped listening on port 38207
1619097121071	mozrunner::runner	INFO	Running command: "/usr/bin/firefox" "-marionette" "-foreground" "-no-remote" "-profile" "/tmp/rust_mozprofile.6NTgD6FPiqr7"
console.warn: SearchSettings: "get: No settings file exists, new profile?" (new Error("", "(unknown module)"))
1619097125348	Marionette	INFO	Listening on port 42159
1619097125520	Marionette	WARN	TLS certificate errors will be ignored for this session
1619097138934	Marionette	INFO	Stopped listening on port 42159
1619097143953	mozrunner::runner	INFO	Running command: "/usr/bin/firefox" "-marionette" "-foreground" "-no-remote" "-profile" "/tmp/rust_mozprofile.P6jdEWD4h8B7"
console.warn: SearchSettings: "get: No settings file exists, new profile?" (new Error("", "(unknown module)"))
1619097148188	Marionette	INFO	Listening on port 33453
1619097148301	Marionette	WARN	TLS certificate errors will be ignored for this session
1619097161820	Marionette	INFO	Stopped listening on port 33453
1619097167379	mozrunner::runner	INFO	Running command: "/usr/bin/firefox" "-marionette" "-foreground" "-no-remote" "-profile" "/tmp/rust_mozprofile.CXS6dyPuw5sd"
console.warn: SearchSettings: "get: No settings file exists, new profile?" (new Error("", "(unknown module)"))
1619097171599	Marionette	INFO	Listening on port 41825
1619097171721	Marionette	WARN	TLS certificate errors will be ignored for this session
1619097274606	mozrunner::runner	INFO	Running command: "/usr/bin/firefox" "-marionette" "-foreground" "-no-remote" "-profile" "/tmp/rust_mozprofile.33om6UzHcO8I"
console.warn: SearchSettings: "get: No settings file exists, new profile?" (new Error("", "(unknown module)"))
1619097279115	Marionette	INFO	Listening on port 39589
1619097279227	Marionette	WARN	TLS certificate errors will be ignored for this session
1619097293013	Marionette	INFO	Stopped listening on port 39589
1619097299059	mozrunner::runner	INFO	Running command: "/usr/bin/firefox" "-marionette" "-foreground" "-no-remote" "-profile" "/tmp/rust_mozprofile.bCuYgol03qEi"
console.warn: SearchSettings: "get: No settings file exists, new profile?" (new Error("", "(unknown module)"))
1619097303301	Marionette	INFO	Listening on port 38807
1619097303399	Marionette	WARN	TLS certificate errors will be ignored for this session
1619097348728	Marionette	INFO	Stopped listening on port 38807
1619097349833	Marionette	INFO	Stopped listening on port 41825
1619097353435	mozrunner::runner	INFO	Running command: "/usr/bin/firefox" "-marionette" "-foreground" "-no-remote" "-profile" "/tmp/rust_mozprofile.3Qv5fDrfXqHx"
console.warn: SearchSettings: "get: No settings file exists, new profile?" (new Error("", "(unknown module)"))
1619097357972	Marionette	INFO	Listening on port 33753
1619097358105	Marionette	WARN	TLS certificate errors will be ignored for this session
1619097380272	mozrunner::runner	INFO	Running command: "/usr/bin/firefox" "-marionette" "-foreground" "-no-remote" "-profile" "/tmp/rust_mozprofile.KlOnVLDh4bfj"
console.warn: SearchSettings: "get: No settings file exists, new profile?" (new Error("", "(unknown module)"))
1619097384542	Marionette	INFO	Listening on port 41921
1619097384666	Marionette	WARN	TLS certificate errors will be ignored for this session
1619097417545	mozrunner::runner	INFO	Running command: "/usr/bin/firefox" "-marionette" "-foreground" "-no-remote" "-profile" "/tmp/rust_mozprofile.N8X23uEN3nYu"
console.warn: SearchSettings: "get: No settings file exists, new profile?" (new Error("", "(unknown module)"))
1619097423500	Marionette	INFO	Listening on port 34151
1619097423591	Marionette	WARN	TLS certificate errors will be ignored for this session
1619097442152	mozrunner::runner	INFO	Running command: "/usr/bin/firefox" "-marionette" "-foreground" "-no-remote" "-profile" "/tmp/rust_mozprofile.DhvOaDz3PUuL"
1619097445150	Marionette	INFO	Stopped listening on port 34151
1619097446918	Marionette	INFO	Stopped listening on port 41921
console.warn: SearchSettings: "get: No settings file exists, new profile?" (new Error("", "(unknown module)"))
1619097450616	Marionette	INFO	Listening on port 33755
1619097450926	Marionette	WARN	TLS certificate errors will be ignored for this session
1619097451208	Marionette	INFO	Stopped listening on port 33753
1619097466832	Marionette	INFO	Stopped listening on port 33755
1619097469425	mozrunner::runner	INFO	Running command: "/usr/bin/firefox" "-marionette" "-foreground" "-no-remote" "-profile" "/tmp/rust_mozprofile.XkR5RsXBGpo6"
console.warn: SearchSettings: "get: No settings file exists, new profile?" (new Error("", "(unknown module)"))
1619097473855	Marionette	INFO	Listening on port 35659
1619097473999	Marionette	WARN	TLS certificate errors will be ignored for this session
1619097487501	Marionette	INFO	Stopped listening on port 35659
1619097536418	mozrunner::runner	INFO	Running command: "/usr/bin/firefox" "-marionette" "-foreground" "-no-remote" "-profile" "/tmp/rust_mozprofile.OGdyTkLR2v9P"
console.warn: SearchSettings: "get: No settings file exists, new profile?" (new Error("", "(unknown module)"))
1619097540735	Marionette	INFO	Listening on port 37927
1619097540883	Marionette	WARN	TLS certificate errors will be ignored for this session
1619097558950	mozrunner::runner	INFO	Running command: "/usr/bin/firefox" "-marionette" "-foreground" "-no-remote" "-profile" "/tmp/rust_mozprofile.7ik6LvZr8O9t"
console.warn: SearchSettings: "get: No settings file exists, new profile?" (new Error("", "(unknown module)"))
1619097563314	Marionette	INFO	Listening on port 34383
1619097563428	Marionette	WARN	TLS certificate errors will be ignored for this session
1619097578677	Marionette	INFO	Stopped listening on port 34383
1619097580356	Marionette	INFO	Stopped listening on port 37927
1619097582617	mozrunner::runner	INFO	Running command: "/usr/bin/firefox" "-marionette" "-foreground" "-no-remote" "-profile" "/tmp/rust_mozprofile.81JvbsRWtIz0"
console.warn: SearchSettings: "get: No settings file exists, new profile?" (new Error("", "(unknown module)"))
1619097586925	Marionette	INFO	Listening on port 41381
1619097587065	Marionette	WARN	TLS certificate errors will be ignored for this session
1619097606332	mozrunner::runner	INFO	Running command: "/usr/bin/firefox" "-marionette" "-foreground" "-no-remote" "-profile" "/tmp/rust_mozprofile.NUbVs0QjOCx0"
console.warn: SearchSettings: "get: No settings file exists, new profile?" (new Error("", "(unknown module)"))
1619097610725	Marionette	INFO	Listening on port 34391
1619097610868	Marionette	WARN	TLS certificate errors will be ignored for this session
1619097624543	Marionette	INFO	Stopped listening on port 34391
console.warn: LoginRecipes: "getRecipes: falling back to a synchronous message for:" "http://127.0.0.1"
1619097700985	Marionette	INFO	Stopped listening on port 41381
1619097705680	mozrunner::runner	INFO	Running command: "/usr/bin/firefox" "-marionette" "-foreground" "-no-remote" "-profile" "/tmp/rust_mozprofile.1XUnIiBuE60z"
console.warn: SearchSettings: "get: No settings file exists, new profile?" (new Error("", "(unknown module)"))
1619097709963	Marionette	INFO	Listening on port 43059
1619097710041	Marionette	WARN	TLS certificate errors will be ignored for this session
1619097723560	Marionette	INFO	Stopped listening on port 43059
1619097731931	mozrunner::runner	INFO	Running command: "/usr/bin/firefox" "-marionette" "-foreground" "-no-remote" "-profile" "/tmp/rust_mozprofile.lb8Tyv77msvg"
console.warn: SearchSettings: "get: No settings file exists, new profile?" (new Error("", "(unknown module)"))
1619097736243	Marionette	INFO	Listening on port 37487
1619097736405	Marionette	WARN	TLS certificate errors will be ignored for this session
console.warn: LoginRecipes: "getRecipes: falling back to a synchronous message for:" "http://127.0.0.1"
*** UTM:SVC TimerManager:registerTimer called after profile-before-change notification. Ignoring timer registration for id: telemetry_modules_ping
1619097793746	Marionette	INFO	Stopped listening on port 37487
1619097820341	mozrunner::runner	INFO	Running command: "/usr/bin/firefox" "-marionette" "-foreground" "-no-remote" "-profile" "/tmp/rust_mozprofile.7m4A03mesyv8"
console.warn: SearchSettings: "get: No settings file exists, new profile?" (new Error("", "(unknown module)"))
1619097824662	Marionette	INFO	Listening on port 34625
1619097824813	Marionette	WARN	TLS certificate errors will be ignored for this session
1619097839861	Marionette	INFO	Stopped listening on port 34625
1619097842305	mozrunner::runner	INFO	Running command: "/usr/bin/firefox" "-marionette" "-foreground" "-no-remote" "-profile" "/tmp/rust_mozprofile.w48jQohI8hvh"
console.warn: SearchSettings: "get: No settings file exists, new profile?" (new Error("", "(unknown module)"))
1619097846666	Marionette	INFO	Listening on port 34835
1619097846796	Marionette	WARN	TLS certificate errors will be ignored for this session
1619097914904	mozrunner::runner	INFO	Running command: "/usr/bin/firefox" "-marionette" "-foreground" "-no-remote" "-profile" "/tmp/rust_mozprofile.TGexgTr84v4U"
console.warn: SearchSettings: "get: No settings file exists, new profile?" (new Error("", "(unknown module)"))
1619097919595	Marionette	INFO	Listening on port 40283
1619097919700	Marionette	WARN	TLS certificate errors will be ignored for this session
1619097932309	Marionette	INFO	Stopped listening on port 40283
1619097935158	Marionette	INFO	Stopped listening on port 34835
1619097938104	mozrunner::runner	INFO	Running command: "/usr/bin/firefox" "-marionette" "-foreground" "-no-remote" "-profile" "/tmp/rust_mozprofile.VUgW2fe1CuGq"
console.warn: SearchSettings: "get: No settings file exists, new profile?" (new Error("", "(unknown module)"))
1619097942227	Marionette	INFO	Listening on port 41489
1619097942343	Marionette	WARN	TLS certificate errors will be ignored for this session
1619098142473	Marionette	INFO	Stopped listening on port 41489
1619098144962	mozrunner::runner	INFO	Running command: "/usr/bin/firefox" "-marionette" "-foreground" "-no-remote" "-profile" "/tmp/rust_mozprofile.ahH9TRAQ6dqK"
console.warn: SearchSettings: "get: No settings file exists, new profile?" (new Error("", "(unknown module)"))
1619098149749	Marionette	INFO	Listening on port 46529
1619098149928	Marionette	WARN	TLS certificate errors will be ignored for this session
1619098162705	mozrunner::runner	INFO	Running command: "/usr/bin/firefox" "-marionette" "-foreground" "-no-remote" "-profile" "/tmp/rust_mozprofile.FRjWl3fuaVmF"
1619098163965	Marionette	INFO	Stopped listening on port 46529
console.warn: SearchSettings: "get: No settings file exists, new profile?" (new Error("", "(unknown module)"))
1619098168062	Marionette	INFO	Listening on port 46311
1619098168180	Marionette	WARN	TLS certificate errors will be ignored for this session
1619098176571	Marionette	INFO	Stopped listening on port 46311
1619098196034	mozrunner::runner	INFO	Running command: "/usr/bin/firefox" "-marionette" "-foreground" "-no-remote" "-profile" "/tmp/rust_mozprofile.dSJAdwAm8iCH"
console.warn: SearchSettings: "get: No settings file exists, new profile?" (new Error("", "(unknown module)"))
1619098200755	Marionette	INFO	Listening on port 45317
1619098200874	Marionette	WARN	TLS certificate errors will be ignored for this session
1619098209268	Marionette	INFO	Stopped listening on port 45317
1619098234413	mozrunner::runner	INFO	Running command: "/usr/bin/firefox" "-marionette" "-foreground" "-no-remote" "-profile" "/tmp/rust_mozprofile.PDDWF3NaUiUf"
console.warn: SearchSettings: "get: No settings file exists, new profile?" (new Error("", "(unknown module)"))
1619098238738	Marionette	INFO	Listening on port 38637
1619098238858	Marionette	WARN	TLS certificate errors will be ignored for this session
1619098264904	mozrunner::runner	INFO	Running command: "/usr/bin/firefox" "-marionette" "-foreground" "-no-remote" "-profile" "/tmp/rust_mozprofile.SoNnw9NLLFD3"
1619098265974	Marionette	INFO	Stopped listening on port 38637
console.warn: SearchSettings: "get: No settings file exists, new profile?" (new Error("", "(unknown module)"))
1619098270339	Marionette	INFO	Listening on port 41987
1619098270451	Marionette	WARN	TLS certificate errors will be ignored for this session
1619098285516	Marionette	INFO	Stopped listening on port 41987
1619098287995	mozrunner::runner	INFO	Running command: "/usr/bin/firefox" "-marionette" "-foreground" "-no-remote" "-profile" "/tmp/rust_mozprofile.vbsT8HN4T3zM"
console.warn: SearchSettings: "get: No settings file exists, new profile?" (new Error("", "(unknown module)"))
1619098292483	Marionette	INFO	Listening on port 44209
1619098292598	Marionette	WARN	TLS certificate errors will be ignored for this session
1619098300821	Marionette	INFO	Stopped listening on port 44209
1619098485793	mozrunner::runner	INFO	Running command: "/usr/bin/firefox" "-marionette" "-foreground" "-no-remote" "-profile" "/tmp/rust_mozprofile.Uzgkr9LAUbdz"
console.warn: SearchSettings: "get: No settings file exists, new profile?" (new Error("", "(unknown module)"))
1619098490638	Marionette	INFO	Listening on port 33831
1619098490770	Marionette	WARN	TLS certificate errors will be ignored for this session
1619098499156	Marionette	INFO	Stopped listening on port 33831
1619098541716	mozrunner::runner	INFO	Running command: "/usr/bin/firefox" "-marionette" "-foreground" "-no-remote" "-profile" "/tmp/rust_mozprofile.X1UiBbhsIHut"
console.warn: SearchSettings: "get: No settings file exists, new profile?" (new Error("", "(unknown module)"))
1619098546098	Marionette	INFO	Listening on port 36243
1619098546236	Marionette	WARN	TLS certificate errors will be ignored for this session
1619098564957	Marionette	INFO	Stopped listening on port 36243
1619098567320	mozrunner::runner	INFO	Running command: "/usr/bin/firefox" "-marionette" "-foreground" "-no-remote" "-profile" "/tmp/rust_mozprofile.nao03ZHMEktx"
console.warn: SearchSettings: "get: No settings file exists, new profile?" (new Error("", "(unknown module)"))
1619098571489	Marionette	INFO	Listening on port 36333
1619098571582	Marionette	WARN	TLS certificate errors will be ignored for this session
1619098578441	Marionette	INFO	Stopped listening on port 36333
1619098607376	mozrunner::runner	INFO	Running command: "/usr/bin/firefox" "-marionette" "-foreground" "-no-remote" "-profile" "/tmp/rust_mozprofile.3Xm73CJELYYC"
console.warn: SearchSettings: "get: No settings file exists, new profile?" (new Error("", "(unknown module)"))
1619098611588	Marionette	INFO	Listening on port 36397
1619098611722	Marionette	WARN	TLS certificate errors will be ignored for this session
1619098618930	Marionette	INFO	Stopped listening on port 36397
1619098637291	mozrunner::runner	INFO	Running command: "/usr/bin/firefox" "-marionette" "-foreground" "-no-remote" "-profile" "/tmp/rust_mozprofile.YiVUoF67YF6y"
console.warn: SearchSettings: "get: No settings file exists, new profile?" (new Error("", "(unknown module)"))
1619098642078	Marionette	INFO	Listening on port 43791
1619098642214	Marionette	WARN	TLS certificate errors will be ignored for this session
1619098727827	mozrunner::runner	INFO	Running command: "/usr/bin/firefox" "-marionette" "-foreground" "-no-remote" "-profile" "/tmp/rust_mozprofile.3BKJnIirfMGT"
console.warn: SearchSettings: "get: No settings file exists, new profile?" (new Error("", "(unknown module)"))
1619098733435	Marionette	INFO	Listening on port 45113
1619098733589	Marionette	WARN	TLS certificate errors will be ignored for this session
1619098736435	Marionette	INFO	Stopped listening on port 43791
1619098742446	Marionette	INFO	Stopped listening on port 45113
1619098780525	mozrunner::runner	INFO	Running command: "/usr/bin/firefox" "-marionette" "-foreground" "-no-remote" "-profile" "/tmp/rust_mozprofile.9QtyfFdbPfZX"
console.warn: SearchSettings: "get: No settings file exists, new profile?" (new Error("", "(unknown module)"))
1619098784859	Marionette	INFO	Listening on port 34433
1619098784955	Marionette	WARN	TLS certificate errors will be ignored for this session
1619098787433	Marionette	INFO	Stopped listening on port 34433
1619100445257	mozrunner::runner	INFO	Running command: "/usr/bin/firefox" "-marionette" "-foreground" "-no-remote" "-profile" "/tmp/rust_mozprofile.zaEIcvwb7nzw"
console.warn: SearchSettings: "get: No settings file exists, new profile?" (new Error("", "(unknown module)"))
1619100449484	Marionette	INFO	Listening on port 39887
1619100449588	Marionette	WARN	TLS certificate errors will be ignored for this session
1619100462698	Marionette	INFO	Stopped listening on port 39887
1619100653485	mozrunner::runner	INFO	Running command: "/usr/bin/firefox" "-marionette" "-foreground" "-no-remote" "-profile" "/tmp/rust_mozprofile.kw02UTI4ReGD"
console.warn: SearchSettings: "get: No settings file exists, new profile?" (new Error("", "(unknown module)"))
1619100657920	Marionette	INFO	Listening on port 35243
1619100657999	Marionette	WARN	TLS certificate errors will be ignored for this session
1619100663699	Marionette	INFO	Stopped listening on port 35243
1619100690357	mozrunner::runner	INFO	Running command: "/usr/bin/firefox" "-marionette" "-foreground" "-no-remote" "-profile" "/tmp/rust_mozprofile.reNVYzcYQYmm"
console.warn: SearchSettings: "get: No settings file exists, new profile?" (new Error("", "(unknown module)"))
1619100694577	Marionette	INFO	Listening on port 38945
1619100694791	Marionette	WARN	TLS certificate errors will be ignored for this session
1619100700371	Marionette	INFO	Stopped listening on port 38945
1619102384963	mozrunner::runner	INFO	Running command: "/usr/bin/firefox" "-marionette" "-foreground" "-no-remote" "-profile" "/tmp/rust_mozprofile.7hesepFAnGj9"
console.warn: SearchSettings: "get: No settings file exists, new profile?" (new Error("", "(unknown module)"))
1619102389743	Marionette	INFO	Listening on port 45611
1619102389829	Marionette	WARN	TLS certificate errors will be ignored for this session
1619102427407	mozrunner::runner	INFO	Running command: "/usr/bin/firefox" "-marionette" "-foreground" "-no-remote" "-profile" "/tmp/rust_mozprofile.buAGMdjQj3y9"
console.warn: SearchSettings: "get: No settings file exists, new profile?" (new Error("", "(unknown module)"))
1619102433697	Marionette	INFO	Listening on port 41519
1619102433754	Marionette	WARN	TLS certificate errors will be ignored for this session
1619102446943	Marionette	INFO	Stopped listening on port 45611
1619102477821	Marionette	INFO	Stopped listening on port 41519
1619102518188	mozrunner::runner	INFO	Running command: "/usr/bin/firefox" "-marionette" "-foreground" "-no-remote" "-profile" "/tmp/rust_mozprofile.rItsS2BIDzsX"
console.warn: SearchSettings: "get: No settings file exists, new profile?" (new Error("", "(unknown module)"))
1619102522525	Marionette	INFO	Listening on port 36117
1619102522621	Marionette	WARN	TLS certificate errors will be ignored for this session
1619102547190	mozrunner::runner	INFO	Running command: "/usr/bin/firefox" "-marionette" "-foreground" "-no-remote" "-profile" "/tmp/rust_mozprofile.w203pnty1bXY"
console.warn: SearchSettings: "get: No settings file exists, new profile?" (new Error("", "(unknown module)"))
1619102551590	Marionette	INFO	Listening on port 40297
1619102551722	Marionette	WARN	TLS certificate errors will be ignored for this session
1619102562303	Marionette	INFO	Stopped listening on port 40297
1619102565937	Marionette	INFO	Stopped listening on port 36117
1619102567614	mozrunner::runner	INFO	Running command: "/usr/bin/firefox" "-marionette" "-foreground" "-no-remote" "-profile" "/tmp/rust_mozprofile.OxMwPwAhHMkN"
console.warn: SearchSettings: "get: No settings file exists, new profile?" (new Error("", "(unknown module)"))
1619102572165	Marionette	INFO	Listening on port 45315
1619102572295	Marionette	WARN	TLS certificate errors will be ignored for this session
1619102578772	Marionette	INFO	Stopped listening on port 45315
1619102604982	mozrunner::runner	INFO	Running command: "/usr/bin/firefox" "-marionette" "-foreground" "-no-remote" "-profile" "/tmp/rust_mozprofile.J2sAI6vGd5Aa"
console.warn: SearchSettings: "get: No settings file exists, new profile?" (new Error("", "(unknown module)"))
1619102609258	Marionette	INFO	Listening on port 42261
1619102609365	Marionette	WARN	TLS certificate errors will be ignored for this session
1619102622044	mozrunner::runner	INFO	Running command: "/usr/bin/firefox" "-marionette" "-foreground" "-no-remote" "-profile" "/tmp/rust_mozprofile.6Z3m6NK0X4Jz"
console.warn: SearchSettings: "get: No settings file exists, new profile?" (new Error("", "(unknown module)"))
1619102626360	Marionette	INFO	Listening on port 40141
1619102626458	Marionette	WARN	TLS certificate errors will be ignored for this session
1619102635426	mozrunner::runner	INFO	Running command: "/usr/bin/firefox" "-marionette" "-foreground" "-no-remote" "-profile" "/tmp/rust_mozprofile.DFLA1rABjCiS"
console.warn: SearchSettings: "get: No settings file exists, new profile?" (new Error("", "(unknown module)"))
1619102640491	Marionette	INFO	Listening on port 42721
1619102640615	Marionette	WARN	TLS certificate errors will be ignored for this session
1619102647268	Marionette	INFO	Stopped listening on port 42721
1619786040387	mozrunner::runner	INFO	Running command: "/usr/bin/firefox" "-marionette" "-foreground" "-no-remote" "-profile" "/tmp/rust_mozprofile.vZ3nyVgVerrh"
1619786041117	Marionette	INFO	Marionette enabled
console.warn: SearchSettings: "get: No settings file exists, new profile?" (new Error("", "(unknown module)"))
1619786045753	Marionette	INFO	Listening on port 44963
1619786045861	Marionette	WARN	TLS certificate errors will be ignored for this session
1619786048127	Marionette	INFO	Stopped listening on port 44963
1619786050188	mozrunner::runner	INFO	Running command: "/usr/bin/firefox" "-marionette" "-foreground" "-no-remote" "-profile" "/tmp/rust_mozprofile.qPXx6ufIoPYS"
1619786050856	Marionette	INFO	Marionette enabled
console.warn: SearchSettings: "get: No settings file exists, new profile?" (new Error("", "(unknown module)"))
1619786054143	Marionette	INFO	Listening on port 43127
1619786054263	Marionette	WARN	TLS certificate errors will be ignored for this session
1619786056433	Marionette	INFO	Stopped listening on port 43127
1619786058374	mozrunner::runner	INFO	Running command: "/usr/bin/firefox" "-marionette" "-foreground" "-no-remote" "-profile" "/tmp/rust_mozprofile.SoCZRVbSWfre"
1619786059047	Marionette	INFO	Marionette enabled
console.warn: SearchSettings: "get: No settings file exists, new profile?" (new Error("", "(unknown module)"))
1619786062479	Marionette	INFO	Listening on port 40703
1619786062636	Marionette	WARN	TLS certificate errors will be ignored for this session
1619786066465	Marionette	INFO	Stopped listening on port 40703
1619786068355	mozrunner::runner	INFO	Running command: "/usr/bin/firefox" "-marionette" "-foreground" "-no-remote" "-profile" "/tmp/rust_mozprofile.40yEXBdu5Ras"
1619786069026	Marionette	INFO	Marionette enabled
console.warn: SearchSettings: "get: No settings file exists, new profile?" (new Error("", "(unknown module)"))
1619786072438	Marionette	INFO	Listening on port 33575
1619786072572	Marionette	WARN	TLS certificate errors will be ignored for this session
1619786076578	Marionette	INFO	Stopped listening on port 33575
1619786078482	mozrunner::runner	INFO	Running command: "/usr/bin/firefox" "-marionette" "-foreground" "-no-remote" "-profile" "/tmp/rust_mozprofile.AWpCXwdsziep"
1619786079151	Marionette	INFO	Marionette enabled
console.warn: SearchSettings: "get: No settings file exists, new profile?" (new Error("", "(unknown module)"))
1619786082566	Marionette	INFO	Listening on port 42287
1619786082692	Marionette	WARN	TLS certificate errors will be ignored for this session
JavaScript error: http://127.0.0.1/vue.js line 10774 > Function, line 3: TypeError: editIMSI is not a function
1619786085215	Marionette	INFO	Stopped listening on port 42287
1619791077897	mozrunner::runner	INFO	Running command: "/usr/bin/firefox" "-marionette" "-foreground" "-no-remote" "-profile" "/tmp/rust_mozprofile.P4VVInVJ2Kms"
1619791080144	Marionette	INFO	Marionette enabled
console.warn: SearchSettings: "get: No settings file exists, new profile?" (new Error("", "(unknown module)"))
1619791086235	Marionette	INFO	Listening on port 36023
1619791086397	Marionette	WARN	TLS certificate errors will be ignored for this session
1619791088883	Marionette	INFO	Stopped listening on port 36023
1619791090886	mozrunner::runner	INFO	Running command: "/usr/bin/firefox" "-marionette" "-foreground" "-no-remote" "-profile" "/tmp/rust_mozprofile.aAH8ybdOWlx0"
1619791091586	Marionette	INFO	Marionette enabled
console.warn: SearchSettings: "get: No settings file exists, new profile?" (new Error("", "(unknown module)"))
1619791095021	Marionette	INFO	Listening on port 35907
1619791095158	Marionette	WARN	TLS certificate errors will be ignored for this session
1619791097408	Marionette	INFO	Stopped listening on port 35907
1619791099406	mozrunner::runner	INFO	Running command: "/usr/bin/firefox" "-marionette" "-foreground" "-no-remote" "-profile" "/tmp/rust_mozprofile.DihjWo1R8vmd"
1619791100072	Marionette	INFO	Marionette enabled
console.warn: SearchSettings: "get: No settings file exists, new profile?" (new Error("", "(unknown module)"))
1619791103486	Marionette	INFO	Listening on port 45615
1619791103585	Marionette	WARN	TLS certificate errors will be ignored for this session
1619791107287	Marionette	INFO	Stopped listening on port 45615
1619791109363	mozrunner::runner	INFO	Running command: "/usr/bin/firefox" "-marionette" "-foreground" "-no-remote" "-profile" "/tmp/rust_mozprofile.XMF43WnX28sL"
1619791110043	Marionette	INFO	Marionette enabled
console.warn: SearchSettings: "get: No settings file exists, new profile?" (new Error("", "(unknown module)"))
1619791113505	Marionette	INFO	Listening on port 46461
1619791113620	Marionette	WARN	TLS certificate errors will be ignored for this session
1619791117566	Marionette	INFO	Stopped listening on port 46461
1619791119558	mozrunner::runner	INFO	Running command: "/usr/bin/firefox" "-marionette" "-foreground" "-no-remote" "-profile" "/tmp/rust_mozprofile.Jhbc8vMIShbH"
1619791120204	Marionette	INFO	Marionette enabled
console.warn: SearchSettings: "get: No settings file exists, new profile?" (new Error("", "(unknown module)"))
1619791123809	Marionette	INFO	Listening on port 42551
1619791123914	Marionette	WARN	TLS certificate errors will be ignored for this session
JavaScript error: http://127.0.0.1/vue.js line 10774 > Function, line 3: TypeError: editIMSI is not a function
1619791126558	Marionette	INFO	Stopped listening on port 42551
1619791226150	mozrunner::runner	INFO	Running command: "/usr/bin/firefox" "-marionette" "-foreground" "-no-remote" "-profile" "/tmp/rust_mozprofile.dZNhlvsUrWwH"
1619791226825	Marionette	INFO	Marionette enabled
console.warn: SearchSettings: "get: No settings file exists, new profile?" (new Error("", "(unknown module)"))
1619791230213	Marionette	INFO	Listening on port 39825
1619791230291	Marionette	WARN	TLS certificate errors will be ignored for this session
1619791231917	Marionette	INFO	Stopped listening on port 39825
1619791234067	mozrunner::runner	INFO	Running command: "/usr/bin/firefox" "-marionette" "-foreground" "-no-remote" "-profile" "/tmp/rust_mozprofile.05v12cfTiXpa"
1619791234741	Marionette	INFO	Marionette enabled
console.warn: SearchSettings: "get: No settings file exists, new profile?" (new Error("", "(unknown module)"))
1619791238472	Marionette	INFO	Listening on port 39881
1619791238527	Marionette	WARN	TLS certificate errors will be ignored for this session
1619791240890	Marionette	INFO	Stopped listening on port 39881
1619791242858	mozrunner::runner	INFO	Running command: "/usr/bin/firefox" "-marionette" "-foreground" "-no-remote" "-profile" "/tmp/rust_mozprofile.odH74c7dShvR"
1619791243559	Marionette	INFO	Marionette enabled
console.warn: SearchSettings: "get: No settings file exists, new profile?" (new Error("", "(unknown module)"))
1619791247377	Marionette	INFO	Listening on port 43437
1619791247515	Marionette	WARN	TLS certificate errors will be ignored for this session
1619791251444	Marionette	INFO	Stopped listening on port 43437
1619791253402	mozrunner::runner	INFO	Running command: "/usr/bin/firefox" "-marionette" "-foreground" "-no-remote" "-profile" "/tmp/rust_mozprofile.eJtsgcvqfcYp"
1619791254071	Marionette	INFO	Marionette enabled
console.warn: SearchSettings: "get: No settings file exists, new profile?" (new Error("", "(unknown module)"))
1619791257529	Marionette	INFO	Listening on port 42255
1619791257609	Marionette	WARN	TLS certificate errors will be ignored for this session
1619791261821	Marionette	INFO	Stopped listening on port 42255
1619791263829	mozrunner::runner	INFO	Running command: "/usr/bin/firefox" "-marionette" "-foreground" "-no-remote" "-profile" "/tmp/rust_mozprofile.wfK3I6lD5EM2"
1619791264542	Marionette	INFO	Marionette enabled
console.warn: SearchSettings: "get: No settings file exists, new profile?" (new Error("", "(unknown module)"))
1619791268006	Marionette	INFO	Listening on port 37957
1619791268156	Marionette	WARN	TLS certificate errors will be ignored for this session
JavaScript error: http://127.0.0.1/vue.js line 10774 > Function, line 3: TypeError: editIMSI is not a function
1619791270740	Marionette	INFO	Stopped listening on port 37957
1619791319539	mozrunner::runner	INFO	Running command: "/usr/bin/firefox" "-marionette" "-foreground" "-no-remote" "-profile" "/tmp/rust_mozprofile.b59KLW36RvHo"
1619791320224	Marionette	INFO	Marionette enabled
console.warn: SearchSettings: "get: No settings file exists, new profile?" (new Error("", "(unknown module)"))
1619791323824	Marionette	INFO	Listening on port 40871
1619791323955	Marionette	WARN	TLS certificate errors will be ignored for this session
1619791325940	Marionette	INFO	Stopped listening on port 40871
1619791327905	mozrunner::runner	INFO	Running command: "/usr/bin/firefox" "-marionette" "-foreground" "-no-remote" "-profile" "/tmp/rust_mozprofile.pc2W5LokOOMt"
1619791328577	Marionette	INFO	Marionette enabled
console.warn: SearchSettings: "get: No settings file exists, new profile?" (new Error("", "(unknown module)"))
1619791332330	Marionette	INFO	Listening on port 43689
1619791332419	Marionette	WARN	TLS certificate errors will be ignored for this session
1619791335312	Marionette	INFO	Stopped listening on port 43689
1619791337383	mozrunner::runner	INFO	Running command: "/usr/bin/firefox" "-marionette" "-foreground" "-no-remote" "-profile" "/tmp/rust_mozprofile.ZGnyhCYZPwKR"
1619791338047	Marionette	INFO	Marionette enabled
console.warn: SearchSettings: "get: No settings file exists, new profile?" (new Error("", "(unknown module)"))
1619791341526	Marionette	INFO	Listening on port 44903
1619791341635	Marionette	WARN	TLS certificate errors will be ignored for this session
1619791345124	Marionette	INFO	Stopped listening on port 44903
JavaScript error: resource://gre/modules/UrlClassifierListManager.jsm, line 691: TypeError: this.tablesData[table] is undefined
